<?xml version="1.0" encoding="UTF-8"?>
<!-- Generated by org.testng.reporters.JUnitXMLReporter -->
<testsuite hostname="Kumarsathish-PC" ignored="0" name="Default test" tests="3" failures="0" timestamp="2020-01-11T01:38:29 IST" time="28.036" errors="0">
  <testcase name="testData" time="0.02" classname="utilities.DataParameter"/>
  <testcase name="testData" time="0.0" classname="utilities.DataParameter"/>
  <testcase name="testData" time="0.005" classname="utilities.DataParameter"/>
</testsuite> <!-- Default test -->
