<?xml version="1.0" encoding="UTF-8"?>
<!-- Generated by org.testng.reporters.JUnitXMLReporter -->
<testsuite hostname="Kumarsathish-PC" ignored="0" name="Default test" tests="3" failures="0" timestamp="2020-01-12T22:12:02 IST" time="118.262" errors="0">
  <testcase name="newCustomer" time="28.548" classname="customers.Customer"/>
  <testcase name="newCustomer" time="29.46" classname="customers.Customer"/>
  <testcase name="newCustomer" time="37.216" classname="customers.Customer"/>
</testsuite> <!-- Default test -->
