<?xml version="1.0" encoding="UTF-8"?>
<testng-results skipped="0" failed="0" ignored="0" total="2" passed="2">
  <reporter-output>
  </reporter-output>
  <suite name="Suite" duration-ms="42883" started-at="2020-01-02T10:36:15 IST" finished-at="2020-01-02T10:36:58 IST">
    <groups>
    </groups>
    <test name="Test" duration-ms="42883" started-at="2020-01-02T10:36:15 IST" finished-at="2020-01-02T10:36:58 IST">
      <class name="registrationDesk.RegisterPatient">
        <test-method status="PASS" signature="beforeSuite()[pri:0, instance:registrationDesk.RegisterPatient@1e7c7811]" name="beforeSuite" is-config="true" duration-ms="2115" started-at="2020-01-02T10:36:13 IST" finished-at="2020-01-02T10:36:15 IST">
          <reporter-output>
          </reporter-output>
        </test-method> <!-- beforeSuite -->
        <test-method status="PASS" signature="beforeClass()[pri:0, instance:registrationDesk.RegisterPatient@1e7c7811]" name="beforeClass" is-config="true" duration-ms="34265" started-at="2020-01-02T10:36:15 IST" finished-at="2020-01-02T10:36:49 IST">
          <reporter-output>
          </reporter-output>
        </test-method> <!-- beforeClass -->
        <test-method status="PASS" signature="registerNewPatient()[pri:0, instance:registrationDesk.RegisterPatient@1e7c7811]" name="registerNewPatient" duration-ms="5656" started-at="2020-01-02T10:36:49 IST" finished-at="2020-01-02T10:36:55 IST">
          <reporter-output>
          </reporter-output>
        </test-method> <!-- registerNewPatient -->
        <test-method status="PASS" signature="afterMethod(org.testng.ITestResult)[pri:0, instance:registrationDesk.RegisterPatient@1e7c7811]" name="afterMethod" is-config="true" duration-ms="263" started-at="2020-01-02T10:36:55 IST" finished-at="2020-01-02T10:36:55 IST">
          <params>
            <param index="0">
              <value>
                <![CDATA[[TestResult name=registerNewPatient status=SUCCESS method=RegisterPatient.registerNewPatient()[pri:0, instance:registrationDesk.RegisterPatient@1e7c7811] output={null}]]]>
              </value>
            </param>
          </params>
          <reporter-output>
          </reporter-output>
        </test-method> <!-- afterMethod -->
        <test-method status="PASS" signature="registerNewPatient1()[pri:0, instance:registrationDesk.RegisterPatient@1e7c7811]" name="registerNewPatient1" duration-ms="647" started-at="2020-01-02T10:36:55 IST" finished-at="2020-01-02T10:36:56 IST">
          <reporter-output>
          </reporter-output>
        </test-method> <!-- registerNewPatient1 -->
        <test-method status="PASS" signature="afterMethod(org.testng.ITestResult)[pri:0, instance:registrationDesk.RegisterPatient@1e7c7811]" name="afterMethod" is-config="true" duration-ms="1" started-at="2020-01-02T10:36:56 IST" finished-at="2020-01-02T10:36:56 IST">
          <params>
            <param index="0">
              <value>
                <![CDATA[[TestResult name=registerNewPatient1 status=SUCCESS method=RegisterPatient.registerNewPatient1()[pri:0, instance:registrationDesk.RegisterPatient@1e7c7811] output={null}]]]>
              </value>
            </param>
          </params>
          <reporter-output>
          </reporter-output>
        </test-method> <!-- afterMethod -->
        <test-method status="PASS" signature="afterClass()[pri:0, instance:registrationDesk.RegisterPatient@1e7c7811]" name="afterClass" is-config="true" duration-ms="1774" started-at="2020-01-02T10:36:56 IST" finished-at="2020-01-02T10:36:58 IST">
          <reporter-output>
          </reporter-output>
        </test-method> <!-- afterClass -->
        <test-method status="PASS" signature="afterTest()[pri:0, instance:registrationDesk.RegisterPatient@1e7c7811]" name="afterTest" is-config="true" duration-ms="1" started-at="2020-01-02T10:36:58 IST" finished-at="2020-01-02T10:36:58 IST">
          <reporter-output>
          </reporter-output>
        </test-method> <!-- afterTest -->
        <test-method status="PASS" signature="afterSuite()[pri:0, instance:registrationDesk.RegisterPatient@1e7c7811]" name="afterSuite" is-config="true" duration-ms="0" started-at="2020-01-02T10:36:59 IST" finished-at="2020-01-02T10:36:59 IST">
          <reporter-output>
          </reporter-output>
        </test-method> <!-- afterSuite -->
      </class> <!-- registrationDesk.RegisterPatient -->
    </test> <!-- Test -->
  </suite> <!-- Suite -->
</testng-results>
